<?xml version="1.0" encoding="UTF-8" ?>
<testsuite failures="0" time="2.487" errors="0" skipped="0" tests="63" name="TestSuite">
  <properties>
    <property name="java.runtime.name" value="Java(TM) SE Runtime Environment"/>
    <property name="sun.boot.library.path" value="/Library/Java/JavaVirtualMachines/jdk1.7.0_45.jdk/Contents/Home/jre/lib"/>
    <property name="java.vm.version" value="24.45-b08"/>
    <property name="gopherProxySet" value="false"/>
    <property name="java.vm.vendor" value="Oracle Corporation"/>
    <property name="java.vendor.url" value="http://java.oracle.com/"/>
    <property name="path.separator" value=":"/>
    <property name="guice.disable.misplaced.annotation.check" value="true"/>
    <property name="java.vm.name" value="Java HotSpot(TM) 64-Bit Server VM"/>
    <property name="file.encoding.pkg" value="sun.io"/>
    <property name="user.country" value="US"/>
    <property name="sun.java.launcher" value="SUN_STANDARD"/>
    <property name="sun.os.patch.level" value="unknown"/>
    <property name="java.vm.specification.name" value="Java Virtual Machine Specification"/>
    <property name="user.dir" value="/Users/akhimich/workspace/3levelmemcache"/>
    <property name="java.runtime.version" value="1.7.0_45-b18"/>
    <property name="java.awt.graphicsenv" value="sun.awt.CGraphicsEnvironment"/>
    <property name="java.endorsed.dirs" value="/Library/Java/JavaVirtualMachines/jdk1.7.0_45.jdk/Contents/Home/jre/lib/endorsed"/>
    <property name="os.arch" value="x86_64"/>
    <property name="java.io.tmpdir" value="/var/folders/m2/bl9d9c8j7hv28rjwv6gttkn0h9fd5n/T/"/>
    <property name="line.separator" value="
"/>
    <property name="java.vm.specification.vendor" value="Oracle Corporation"/>
    <property name="os.name" value="Mac OS X"/>
    <property name="classworlds.conf" value="/usr/share/maven/bin/m2.conf"/>
    <property name="sun.jnu.encoding" value="UTF-8"/>
    <property name="java.library.path" value="/Users/akhimich/Library/Java/Extensions:/Library/Java/Extensions:/Network/Library/Java/Extensions:/System/Library/Java/Extensions:/usr/lib/java:."/>
    <property name="java.specification.name" value="Java Platform API Specification"/>
    <property name="java.class.version" value="51.0"/>
    <property name="sun.management.compiler" value="HotSpot 64-Bit Tiered Compilers"/>
    <property name="os.version" value="10.8.5"/>
    <property name="http.nonProxyHosts" value="local|*.local|169.254/16|*.169.254/16"/>
    <property name="user.home" value="/Users/akhimich"/>
    <property name="user.timezone" value="US/Pacific"/>
    <property name="java.awt.printerjob" value="sun.lwawt.macosx.CPrinterJob"/>
    <property name="java.specification.version" value="1.7"/>
    <property name="file.encoding" value="UTF-8"/>
    <property name="user.name" value="akhimich"/>
    <property name="java.class.path" value="/usr/share/maven/boot/plexus-classworlds-2.4.jar"/>
    <property name="java.vm.specification.version" value="1.7"/>
    <property name="sun.arch.data.model" value="64"/>
    <property name="java.home" value="/Library/Java/JavaVirtualMachines/jdk1.7.0_45.jdk/Contents/Home/jre"/>
    <property name="sun.java.command" value="org.codehaus.plexus.classworlds.launcher.Launcher install -s /Users/akhimich/.m2/settings-internet.xml"/>
    <property name="java.specification.vendor" value="Oracle Corporation"/>
    <property name="user.language" value="en"/>
    <property name="awt.toolkit" value="sun.lwawt.macosx.LWCToolkit"/>
    <property name="java.vm.info" value="mixed mode"/>
    <property name="java.version" value="1.7.0_45"/>
    <property name="java.ext.dirs" value="/Users/akhimich/Library/Java/Extensions:/Library/Java/JavaVirtualMachines/jdk1.7.0_45.jdk/Contents/Home/jre/lib/ext:/Library/Java/Extensions:/Network/Library/Java/Extensions:/System/Library/Java/Extensions:/usr/lib/java"/>
    <property name="sun.boot.class.path" value="/Library/Java/JavaVirtualMachines/jdk1.7.0_45.jdk/Contents/Home/jre/lib/resources.jar:/Library/Java/JavaVirtualMachines/jdk1.7.0_45.jdk/Contents/Home/jre/lib/rt.jar:/Library/Java/JavaVirtualMachines/jdk1.7.0_45.jdk/Contents/Home/jre/lib/sunrsasign.jar:/Library/Java/JavaVirtualMachines/jdk1.7.0_45.jdk/Contents/Home/jre/lib/jsse.jar:/Library/Java/JavaVirtualMachines/jdk1.7.0_45.jdk/Contents/Home/jre/lib/jce.jar:/Library/Java/JavaVirtualMachines/jdk1.7.0_45.jdk/Contents/Home/jre/lib/charsets.jar:/Library/Java/JavaVirtualMachines/jdk1.7.0_45.jdk/Contents/Home/jre/lib/jfr.jar:/Library/Java/JavaVirtualMachines/jdk1.7.0_45.jdk/Contents/Home/jre/lib/JObjC.jar:/Library/Java/JavaVirtualMachines/jdk1.7.0_45.jdk/Contents/Home/jre/classes"/>
    <property name="java.vendor" value="Oracle Corporation"/>
    <property name="maven.home" value="/usr/share/maven"/>
    <property name="file.separator" value="/"/>
    <property name="java.vendor.url.bug" value="http://bugreport.sun.com/bugreport/"/>
    <property name="sun.cpu.endian" value="little"/>
    <property name="sun.io.unicode.encoding" value="UnicodeBig"/>
    <property name="socksNonProxyHosts" value="local|*.local|169.254/16|*.169.254/16"/>
    <property name="ftp.nonProxyHosts" value="local|*.local|169.254/16|*.169.254/16"/>
    <property name="sun.cpu.isalist" value=""/>
  </properties>
  <testcase time="0.012" classname="com.salesforce.ddc.threelevelmemcache.CacheConfigurationCopUnitTestNG" name="testTheSame"/>
  <testcase time="0" classname="com.salesforce.ddc.threelevelmemcache.CacheConfigurationCopUnitTestNG" name="testTheSame"/>
  <testcase time="0" classname="com.salesforce.ddc.threelevelmemcache.CacheConfigurationCopUnitTestNG" name="testTheSame"/>
  <testcase time="0" classname="com.salesforce.ddc.threelevelmemcache.CacheConfigurationCopUnitTestNG" name="testTheSame"/>
  <testcase time="0" classname="com.salesforce.ddc.threelevelmemcache.CacheConfigurationCopUnitTestNG" name="testTheSame"/>
  <testcase time="0" classname="com.salesforce.ddc.threelevelmemcache.CacheConfigurationCopUnitTestNG" name="testTheSame"/>
  <testcase time="0" classname="com.salesforce.ddc.threelevelmemcache.CacheConfigurationCopUnitTestNG" name="testTheSame"/>
  <testcase time="0" classname="com.salesforce.ddc.threelevelmemcache.CacheConfigurationCopUnitTestNG" name="testTheSame"/>
  <testcase time="0" classname="com.salesforce.ddc.threelevelmemcache.CacheConfigurationCopUnitTestNG" name="testTheSame"/>
  <testcase time="0" classname="com.salesforce.ddc.threelevelmemcache.CacheConfigurationCopUnitTestNG" name="testTheSame"/>
  <testcase time="0" classname="com.salesforce.ddc.threelevelmemcache.CacheConfigurationCopUnitTestNG" name="testTheSame"/>
  <testcase time="0" classname="com.salesforce.ddc.threelevelmemcache.CacheConfigurationCopUnitTestNG" name="testTheSame"/>
  <testcase time="0" classname="com.salesforce.ddc.threelevelmemcache.CacheConfigurationCopUnitTestNG" name="testTheSame"/>
  <testcase time="0" classname="com.salesforce.ddc.threelevelmemcache.CacheConfigurationCopUnitTestNG" name="testTheSame"/>
  <testcase time="0.005" classname="com.salesforce.ddc.threelevelmemcache.CacheListenerAnnotationBeanFactoryUnitTestNG" name="testAll"/>
  <testcase time="0.134" classname="com.salesforce.ddc.threelevelmemcache.CloudCacheServiceUnitTestNG" name="testAdd"/>
  <testcase time="0.006" classname="com.salesforce.ddc.threelevelmemcache.CloudCacheServiceUnitTestNG" name="testAppend"/>
  <testcase time="0.012" classname="com.salesforce.ddc.threelevelmemcache.CloudCacheServiceUnitTestNG" name="testGet"/>
  <testcase time="0.014" classname="com.salesforce.ddc.threelevelmemcache.CloudCacheServiceUnitTestNG" name="testGetBatchAndProxy"/>
  <testcase time="0.001" classname="com.salesforce.ddc.threelevelmemcache.CloudCacheServiceUnitTestNG" name="testGetBatchWithCacheNotFound"/>
  <testcase time="0.004" classname="com.salesforce.ddc.threelevelmemcache.CloudCacheServiceUnitTestNG" name="testIncrDecr"/>
  <testcase time="0.004" classname="com.salesforce.ddc.threelevelmemcache.CloudCacheServiceUnitTestNG" name="testIncrDecrDefaultResponse"/>
  <testcase time="0.008" classname="com.salesforce.ddc.threelevelmemcache.CloudCacheServiceUnitTestNG" name="testIncrDecrWithExpirationFromPrimary"/>
  <testcase time="0.007" classname="com.salesforce.ddc.threelevelmemcache.CloudCacheServiceUnitTestNG" name="testIncrDecrWithExpirationFromSecondary"/>
  <testcase time="0.004" classname="com.salesforce.ddc.threelevelmemcache.CloudCacheServiceUnitTestNG" name="testIsConnected"/>
  <testcase time="0" classname="com.salesforce.ddc.threelevelmemcache.CloudCacheServiceUnitTestNG" name="testProxyList"/>
  <testcase time="0" classname="com.salesforce.ddc.threelevelmemcache.CloudCacheServiceUnitTestNG" name="testProxyListNPE"/>
  <testcase time="0.003" classname="com.salesforce.ddc.threelevelmemcache.CloudCacheServiceUnitTestNG" name="testPut"/>
  <testcase time="0.003" classname="com.salesforce.ddc.threelevelmemcache.CloudCacheServiceUnitTestNG" name="testPutBatch"/>
  <testcase time="0.002" classname="com.salesforce.ddc.threelevelmemcache.CloudCacheServiceUnitTestNG" name="testRemove"/>
  <testcase time="0.003" classname="com.salesforce.ddc.threelevelmemcache.CloudCacheServiceUnitTestNG" name="testRemoveBatch"/>
  <testcase time="0.001" classname="com.salesforce.ddc.threelevelmemcache.CloudCacheServiceUnitTestNG" name="testShutdown"/>
  <testcase time="0.001" classname="com.salesforce.ddc.threelevelmemcache.CloudCacheServiceUnitTestNG" name="testSize"/>
  <testcase time="0.003" classname="com.salesforce.ddc.threelevelmemcache.CloudCacheServiceUnitTestNG" name="testStats"/>
  <testcase time="0.002" classname="com.salesforce.ddc.threelevelmemcache.CloudCacheServiceUnitTestNG" name="testsetSynchronousPut"/>
  <testcase time="0.002" classname="com.salesforce.ddc.threelevelmemcache.FirstLevelCacheServiceUnitTestNG" name="testAppend"/>
  <testcase time="0.001" classname="com.salesforce.ddc.threelevelmemcache.FirstLevelCacheServiceUnitTestNG" name="testGet"/>
  <testcase time="0.001" classname="com.salesforce.ddc.threelevelmemcache.FirstLevelCacheServiceUnitTestNG" name="testGetBatch"/>
  <testcase time="0.001" classname="com.salesforce.ddc.threelevelmemcache.FirstLevelCacheServiceUnitTestNG" name="testIncrDecr"/>
  <testcase time="0.001" classname="com.salesforce.ddc.threelevelmemcache.FirstLevelCacheServiceUnitTestNG" name="testPut"/>
  <testcase time="0.002" classname="com.salesforce.ddc.threelevelmemcache.FirstLevelCacheServiceUnitTestNG" name="testPutBatch"/>
  <testcase time="0.001" classname="com.salesforce.ddc.threelevelmemcache.FirstLevelCacheServiceUnitTestNG" name="testPutIfAbsent"/>
  <testcase time="0.001" classname="com.salesforce.ddc.threelevelmemcache.FirstLevelCacheServiceUnitTestNG" name="testRemove"/>
  <testcase time="0.002" classname="com.salesforce.ddc.threelevelmemcache.FirstLevelCacheServiceUnitTestNG" name="testRemoveBatch"/>
  <testcase time="0" classname="com.salesforce.ddc.threelevelmemcache.FirstLevelCacheServiceUnitTestNG" name="testShutdown"/>
  <testcase time="0.001" classname="com.salesforce.ddc.threelevelmemcache.FirstLevelCacheServiceUnitTestNG" name="testStats"/>
  <testcase time="0.004" classname="com.salesforce.ddc.threelevelmemcache.FirstLevelCacheServiceUnitTestNG" name="testStrategy"/>
  <testcase time="0.048" classname="com.salesforce.ddc.threelevelmemcache.MemcachedCacheServiceUnitTestNG" name="testGetBulk"/>
  <testcase time="0.005" classname="com.salesforce.ddc.threelevelmemcache.MemcachedCacheServiceUnitTestNG" name="testIsConnected"/>
  <testcase time="0.002" classname="com.salesforce.ddc.threelevelmemcache.MemcachedCacheServiceUnitTestNG" name="testMemcachedException"/>
  <testcase time="0.013" classname="com.salesforce.ddc.threelevelmemcache.MemcachedCacheServiceUnitTestNG" name="testWaitForResponse"/>
  <testcase time="0.001" classname="com.salesforce.ddc.threelevelmemcache.MemcachedCacheServiceUnitTestNG" name="testWaitForResponseNoRetries"/>
  <testcase time="0.003" classname="com.salesforce.ddc.threelevelmemcache.MemcachedClientFactoryBeanUnitTestNG" name="testCouchbaseConnectionCreation"/>
  <testcase time="0.001" classname="com.salesforce.ddc.threelevelmemcache.MemcachedClientFactoryBeanUnitTestNG" name="testCouchbaseConnectionCreationWithMultipleURLS"/>
  <testcase time="0.016" classname="com.salesforce.ddc.threelevelmemcache.MemcachedClientFactoryBeanUnitTestNG" name="testEmptyConnectionCreation"/>
  <testcase time="0.029" classname="com.salesforce.ddc.threelevelmemcache.MemcachedClientFactoryBeanUnitTestNG" name="testPlainConnectionCreation"/>
  <testcase time="2.121" classname="com.salesforce.ddc.threelevelmemcache.MemcachedConnectionsRoundRobinPoolUnitTestNG" name="testRoundRobin"/>
  <testcase time="0" classname="com.salesforce.ddc.threelevelmemcache.NonCompressionTranscoderUnitTestNG" name="testAll"/>
  <testcase time="0.001" classname="com.salesforce.ddc.threelevelmemcache.exposed.SHAKeyUnitTestNG" name="testSHA"/>
  <testcase time="0" classname="com.salesforce.ddc.threelevelmemcache.strategy.AnnotationBasedStrategyUnitTestNG" name="testdoNotUseFirstLevelCache"/>
  <testcase time="0.001" classname="com.salesforce.ddc.threelevelmemcache.strategy.AnnotationBasedStrategyUnitTestNG" name="testdoNotUseFirstLevelCache"/>
  <testcase time="0" classname="com.salesforce.ddc.threelevelmemcache.strategy.AnnotationBasedStrategyUnitTestNG" name="testdoNotUseFirstLevelCache"/>
  <testcase time="0" classname="com.salesforce.ddc.threelevelmemcache.strategy.AnnotationBasedStrategyUnitTestNG" name="testdoNotUseFirstLevelCache"/>
</testsuite>