<?xml version="1.0" encoding="UTF-8"?>
<!-- Generated by org.testng.reporters.JUnitReportReporter -->
<testsuite hostname="akhimich-ltm1.local" name="com.salesforce.ddc.dc_cachecommon.exposed.SHAKeyUnitTestNG" tests="1" failures="0" timestamp="16 Jun 2014 02:11:17 GMT" time="0.035" errors="0">
  <testcase name="testSHA" time="0.035" classname="com.salesforce.ddc.dc_cachecommon.exposed.SHAKeyUnitTestNG"/>
</testsuite> <!-- com.salesforce.ddc.dc_cachecommon.exposed.SHAKeyUnitTestNG -->
